vagrant@vagrant:~$ ./ansible_installation.sh 
Hit:1 http://us.archive.ubuntu.com/ubuntu focal InRelease
Hit:2 http://us.archive.ubuntu.com/ubuntu focal-updates InRelease
Hit:3 http://us.archive.ubuntu.com/ubuntu focal-backports InRelease
Hit:4 http://us.archive.ubuntu.com/ubuntu focal-security InRelease
Reading package lists... Done
Building dependency tree       
Reading state information... Done
24 packages can be upgraded. Run 'apt list --upgradable' to see them.
Reading package lists... Done
Building dependency tree       
Reading state information... Done
virtualenv is already the newest version (20.0.17-1ubuntu0.4).
0 upgraded, 0 newly installed, 0 to remove and 24 not upgraded.
created virtual environment CPython3.8.10.final.0-64 in 169ms
  creator CPython3Posix(dest=/home/vagrant/.venv, clear=False, global=False)
  seeder FromAppData(download=False, pip=latest, setuptools=latest, wheel=latest, pkg_resources=latest, via=copy, app_data_dir=/home/vagrant/.local/share/virtualenv/seed-app-data/v1.0.1.debian.1)
  activators BashActivator,CShellActivator,FishActivator,PowerShellActivator,PythonActivator,XonshActivator
Collecting ansible
  Using cached ansible-6.7.0-py3-none-any.whl (42.8 MB)
Collecting ansible-core~=2.13.7
  Using cached ansible_core-2.13.13-py3-none-any.whl (2.1 MB)
Collecting jinja2>=3.0.0
  Using cached Jinja2-3.1.2-py3-none-any.whl (133 kB)
Collecting cryptography
  Using cached cryptography-41.0.5-cp37-abi3-manylinux_2_17_x86_64.manylinux2014_x86_64.whl (4.4 MB)
Collecting resolvelib<0.9.0,>=0.5.3
  Using cached resolvelib-0.8.1-py2.py3-none-any.whl (16 kB)
Collecting PyYAML>=5.1
  Using cached PyYAML-6.0.1-cp38-cp38-manylinux_2_17_x86_64.manylinux2014_x86_64.whl (736 kB)
Collecting packaging
  Using cached packaging-23.2-py3-none-any.whl (53 kB)
Collecting MarkupSafe>=2.0
  Using cached MarkupSafe-2.1.3-cp38-cp38-manylinux_2_17_x86_64.manylinux2014_x86_64.whl (25 kB)
Collecting cffi>=1.12
  Using cached cffi-1.16.0-cp38-cp38-manylinux_2_17_x86_64.manylinux2014_x86_64.whl (444 kB)
Collecting pycparser
  Using cached pycparser-2.21-py2.py3-none-any.whl (118 kB)
Installing collected packages: MarkupSafe, jinja2, pycparser, cffi, cryptography, resolvelib, PyYAML, packaging, ansible-core, ansible
Successfully installed MarkupSafe-2.1.3 PyYAML-6.0.1 ansible-6.7.0 ansible-core-2.13.13 cffi-1.16.0 cryptography-41.0.5 jinja2-3.1.2 packaging-23.2 pycparser-2.21 resolvelib-0.8.1
ansible [core 2.13.13]
  config file = None
  configured module search path = ['/home/vagrant/.ansible/plugins/modules', '/usr/share/ansible/plugins/modules']
  ansible python module location = /home/vagrant/.venv/lib/python3.8/site-packages/ansible
  ansible collection location = /home/vagrant/.ansible/collections:/usr/share/ansible/collections
  executable location = /home/vagrant/.venv/bin/ansible
  python version = 3.8.10 (default, May 26 2023, 14:05:08) [GCC 9.4.0]
  jinja version = 3.1.2
  libyaml = True
127.0.0.1 | SUCCESS => {
    "ansible_facts": {
        "discovered_interpreter_python": "/usr/bin/python3"
    },
    "changed": false,
    "ping": "pong"
}
